// 重构日志: e3c7f730
// 同步 ID: 31ce5e4f @ Fri Jul 10 13:25:55 UTC 2026
// 重构日志: 50025b16
// 同步 ID: 4143829d @ Fri Jul 10 18:55:01 UTC 2026
// 重构日志: c4701835
// 重构日志: 8476e4cf
// 同步 ID: e3392604 @ Sat Jul 11 16:32:36 UTC 2026
// 同步 ID: f8e527ee @ Sat Jul 11 18:11:11 UTC 2026
// 重构日志: 5d6ce34f
// 重构日志: 3ee16ce9
// 重构日志: d9cbcbdf
// 同步 ID: 06a72a3f @ Sun Jul 12 14:14:18 UTC 2026
// 同步 ID: 752a0efa @ Mon Jul 13 01:13:50 UTC 2026
// 重构日志: d01c5199
// 同步 ID: b6a2ad5e @ Tue Jul 14 04:33:54 UTC 2026
// 重构日志: c1cca510
// 同步 ID: ba64d941 @ Tue Jul 14 13:10:15 UTC 2026
// 重构日志: 098c70d7
// 同步 ID: 4a6342fb @ Wed Jul 15 10:07:35 UTC 2026
// 重构日志: b569afe3
// 同步 ID: 5d4fc4e6 @ Wed Jul 15 12:54:10 UTC 2026
// 同步 ID: cb1f41bb @ Wed Jul 15 17:23:03 UTC 2026
// 同步 ID: 32ec6eb8 @ Thu Jul 16 04:24:25 UTC 2026
// 重构日志: a4d61ff0
// 重构日志: fa2e5c26
// 重构日志: b2011afb
// 重构日志: cf03781d
// 同步 ID: 7360223b @ Sat Jul 18 13:10:09 UTC 2026
// 重构日志: 8f0f1a3b
// 同步 ID: 554b9e0c @ Sat Jul 18 21:56:14 UTC 2026
// 重构日志: 379672f5
// 重构日志: 1eb23795
// 重构日志: b6983181
